Build started 2016/4/12 10:21:43.
     1>Project "F:\GitHub\MaskStereoMatching\MaskStereoMatching\MaskStereoMatching\MaskStereoMatching.vcxproj" on node 2 (build target(s)).
     1>InitializeBuildStatus:
         Creating "Release\MaskStereoMatching.unsuccessfulbuild" because "AlwaysCreate" was specified.
       ClCompile:
         C:\Program Files (x86)\Microsoft Visual Studio 10.0\VC\bin\CL.exe /c /Zi /nologo /W3 /WX- /O2 /Oi /Oy- /GL /D WIN32 /D NDEBUG /D _CONSOLE /D _UNICODE /D UNICODE /Gm- /EHsc /MD /GS /Gy /fp:precise /Zc:wchar_t /Zc:forScope /Fo"Release\\" /Fd"Release\vc100.pdb" /Gd /TP /analyze- /errorReport:prompt SGM.cpp
         SGM.cpp
     1>SGM.cpp(71): warning C4244: 'initializing' : conversion from 'double' to 'int', possible loss of data
     1>SGM.cpp(71): warning C4056: overflow in floating-point constant arithmetic
     1>SGM.cpp(74): warning C4244: '=' : conversion from 'double' to 'int', possible loss of data
       Link:
         C:\Program Files (x86)\Microsoft Visual Studio 10.0\VC\bin\link.exe /ERRORREPORT:PROMPT /OUT:"F:\GitHub\MaskStereoMatching\MaskStereoMatching\Release\MaskStereoMatching.exe" /INCREMENTAL:NO /NOLOGO opencv_calib3d2410.lib opencv_contrib2410.lib opencv_core2410.lib opencv_features2d2410.lib opencv_flann2410.lib opencv_gpu2410.lib opencv_highgui2410.lib opencv_imgproc2410.lib opencv_legacy2410.lib opencv_ml2410d.lib opencv_objdetect2410.lib opencv_ts2410.lib opencv_video2410.lib opencv_nonfree2410.lib opencv_ocl2410.lib opencv_photo2410.lib opencv_stitching2410.lib opencv_superres2410.lib opencv_videostab2410.lib opencv_calib3d2410d.lib opencv_contrib2410d.lib opencv_core2410d.lib opencv_features2d2410d.lib opencv_flann2410d.lib opencv_gpu2410d.lib opencv_highgui2410d.lib opencv_imgproc2410d.lib opencv_legacy2410d.lib opencv_objdetect2410d.lib opencv_ts2410d.lib opencv_video2410d.lib opencv_nonfree2410d.lib opencv_ocl2410d.lib opencv_photo2410d.lib opencv_stitching2410d.lib opencv_superres2410d.lib opencv_videostab2410d.lib kernel32.lib user32.lib gdi32.lib winspool.lib comdlg32.lib advapi32.lib shell32.lib ole32.lib oleaut32.lib uuid.lib odbc32.lib odbccp32.lib /MANIFEST /ManifestFile:"Release\MaskStereoMatching.exe.intermediate.manifest" /MANIFESTUAC:"level='asInvoker' uiAccess='false'" /DEBUG /PDB:"F:\GitHub\MaskStereoMatching\MaskStereoMatching\Release\MaskStereoMatching.pdb" /SUBSYSTEM:CONSOLE /OPT:REF /OPT:ICF /LTCG /TLBID:1 /DYNAMICBASE /NXCOMPAT /IMPLIB:"F:\GitHub\MaskStereoMatching\MaskStereoMatching\Release\MaskStereoMatching.lib" /MACHINE:X86 Release\main.obj
         Release\SGM.obj
         Generating code
         Finished generating code
         MaskStereoMatching.vcxproj -> F:\GitHub\MaskStereoMatching\MaskStereoMatching\Release\MaskStereoMatching.exe
       Manifest:
         C:\Program Files (x86)\Microsoft SDKs\Windows\v7.0A\bin\mt.exe /nologo /verbose /outputresource:"F:\GitHub\MaskStereoMatching\MaskStereoMatching\Release\MaskStereoMatching.exe;#1" /manifest Release\MaskStereoMatching.exe.intermediate.manifest
       FinalizeBuildStatus:
         Deleting file "Release\MaskStereoMatching.unsuccessfulbuild".
         Touching "Release\MaskStereoMatching.lastbuildstate".
     1>Done Building Project "F:\GitHub\MaskStereoMatching\MaskStereoMatching\MaskStereoMatching\MaskStereoMatching.vcxproj" (build target(s)).

Build succeeded.

Time Elapsed 00:00:00.89
