F:\GitHub\MaskStereoMatching\MaskStereoMatching\MaskStereoMatching\x64\Debug\cl.command.1.tlog
F:\GitHub\MaskStereoMatching\MaskStereoMatching\MaskStereoMatching\x64\Debug\CL.read.1.tlog
F:\GitHub\MaskStereoMatching\MaskStereoMatching\MaskStereoMatching\x64\Debug\CL.write.1.tlog
F:\GitHub\MaskStereoMatching\MaskStereoMatching\MaskStereoMatching\x64\Debug\link.12628.read.1.tlog
F:\GitHub\MaskStereoMatching\MaskStereoMatching\MaskStereoMatching\x64\Debug\link.12628.write.1.tlog
F:\GitHub\MaskStereoMatching\MaskStereoMatching\MaskStereoMatching\x64\Debug\link.12628-cvtres.read.1.tlog
F:\GitHub\MaskStereoMatching\MaskStereoMatching\MaskStereoMatching\x64\Debug\link.12628-cvtres.write.1.tlog
F:\GitHub\MaskStereoMatching\MaskStereoMatching\MaskStereoMatching\x64\Debug\link.5916.read.1.tlog
F:\GitHub\MaskStereoMatching\MaskStereoMatching\MaskStereoMatching\x64\Debug\link.5916.write.1.tlog
F:\GitHub\MaskStereoMatching\MaskStereoMatching\MaskStereoMatching\x64\Debug\link.5916-cvtres.read.1.tlog
F:\GitHub\MaskStereoMatching\MaskStereoMatching\MaskStereoMatching\x64\Debug\link.5916-cvtres.write.1.tlog
F:\GitHub\MaskStereoMatching\MaskStereoMatching\MaskStereoMatching\x64\Debug\link.command.1.tlog
F:\GitHub\MaskStereoMatching\MaskStereoMatching\MaskStereoMatching\x64\Debug\link.read.1.tlog
F:\GitHub\MaskStereoMatching\MaskStereoMatching\MaskStereoMatching\x64\Debug\link.write.1.tlog
F:\GitHub\MaskStereoMatching\MaskStereoMatching\MaskStereoMatching\x64\Debug\link-cvtres.read.1.tlog
F:\GitHub\MaskStereoMatching\MaskStereoMatching\MaskStereoMatching\x64\Debug\link-cvtres.write.1.tlog
F:\GITHUB\MASKSTEREOMATCHING\MASKSTEREOMATCHING\MASKSTEREOMATCHING\X64\DEBUG\MAIN.OBJ
F:\GITHUB\MASKSTEREOMATCHING\MASKSTEREOMATCHING\MASKSTEREOMATCHING\X64\DEBUG\MASKSTEREOMATCHING.EXE.EMBED.MANIFEST
F:\GITHUB\MASKSTEREOMATCHING\MASKSTEREOMATCHING\MASKSTEREOMATCHING\X64\DEBUG\MASKSTEREOMATCHING.EXE.EMBED.MANIFEST.RES
F:\GITHUB\MASKSTEREOMATCHING\MASKSTEREOMATCHING\MASKSTEREOMATCHING\X64\DEBUG\MASKSTEREOMATCHING.EXE.INTERMEDIATE.MANIFEST
F:\GitHub\MaskStereoMatching\MaskStereoMatching\MaskStereoMatching\x64\Debug\MaskStereoMatching.write.1.tlog
F:\GitHub\MaskStereoMatching\MaskStereoMatching\MaskStereoMatching\x64\Debug\MaskStereoMatching_manifest.rc
F:\GitHub\MaskStereoMatching\MaskStereoMatching\MaskStereoMatching\x64\Debug\mt.command.1.tlog
F:\GitHub\MaskStereoMatching\MaskStereoMatching\MaskStereoMatching\x64\Debug\mt.read.1.tlog
F:\GitHub\MaskStereoMatching\MaskStereoMatching\MaskStereoMatching\x64\Debug\mt.write.1.tlog
F:\GitHub\MaskStereoMatching\MaskStereoMatching\MaskStereoMatching\x64\Debug\rc.command.1.tlog
F:\GitHub\MaskStereoMatching\MaskStereoMatching\MaskStereoMatching\x64\Debug\rc.read.1.tlog
F:\GitHub\MaskStereoMatching\MaskStereoMatching\MaskStereoMatching\x64\Debug\rc.write.1.tlog
F:\GITHUB\MASKSTEREOMATCHING\MASKSTEREOMATCHING\MASKSTEREOMATCHING\X64\DEBUG\SGM.OBJ
F:\GitHub\MaskStereoMatching\MaskStereoMatching\MaskStereoMatching\x64\Debug\vc100.idb
F:\GITHUB\MASKSTEREOMATCHING\MASKSTEREOMATCHING\MASKSTEREOMATCHING\X64\DEBUG\VC100.PDB
F:\GITHUB\MASKSTEREOMATCHING\MASKSTEREOMATCHING\X64\DEBUG\MASKSTEREOMATCHING.EXE
F:\GITHUB\MASKSTEREOMATCHING\MASKSTEREOMATCHING\X64\DEBUG\MASKSTEREOMATCHING.ILK
F:\GITHUB\MASKSTEREOMATCHING\MASKSTEREOMATCHING\X64\DEBUG\MASKSTEREOMATCHING.PDB
