C:\USERS\DECAYALE\DOCUMENTS\VISUAL STUDIO 2010\PROJECTS\MASKSTEREOMATCHING\MASKSTEREOMATCHING\DEBUG\VC100.PDB
F:\GITHUB\MASKSTEREOMATCHING\MASKSTEREOMATCHING\DEBUG\MASKSTEREOMATCHING.EXE
F:\GITHUB\MASKSTEREOMATCHING\MASKSTEREOMATCHING\DEBUG\MASKSTEREOMATCHING.ILK
F:\GITHUB\MASKSTEREOMATCHING\MASKSTEREOMATCHING\DEBUG\MASKSTEREOMATCHING.PDB
F:\GitHub\MaskStereoMatching\MaskStereoMatching\MaskStereoMatching\Debug\cl.command.1.tlog
F:\GitHub\MaskStereoMatching\MaskStereoMatching\MaskStereoMatching\Debug\CL.read.1.tlog
F:\GitHub\MaskStereoMatching\MaskStereoMatching\MaskStereoMatching\Debug\CL.write.1.tlog
F:\GitHub\MaskStereoMatching\MaskStereoMatching\MaskStereoMatching\Debug\link.13644.read.1.tlog
F:\GitHub\MaskStereoMatching\MaskStereoMatching\MaskStereoMatching\Debug\link.13644.write.1.tlog
F:\GitHub\MaskStereoMatching\MaskStereoMatching\MaskStereoMatching\Debug\link.13644-cvtres.read.1.tlog
F:\GitHub\MaskStereoMatching\MaskStereoMatching\MaskStereoMatching\Debug\link.13644-cvtres.write.1.tlog
F:\GitHub\MaskStereoMatching\MaskStereoMatching\MaskStereoMatching\Debug\link.command.1.tlog
F:\GitHub\MaskStereoMatching\MaskStereoMatching\MaskStereoMatching\Debug\link.read.1.tlog
F:\GitHub\MaskStereoMatching\MaskStereoMatching\MaskStereoMatching\Debug\link.write.1.tlog
F:\GitHub\MaskStereoMatching\MaskStereoMatching\MaskStereoMatching\Debug\link-cvtres.read.1.tlog
F:\GitHub\MaskStereoMatching\MaskStereoMatching\MaskStereoMatching\Debug\link-cvtres.write.1.tlog
F:\GITHUB\MASKSTEREOMATCHING\MASKSTEREOMATCHING\MASKSTEREOMATCHING\DEBUG\MAIN.OBJ
F:\GITHUB\MASKSTEREOMATCHING\MASKSTEREOMATCHING\MASKSTEREOMATCHING\DEBUG\MASKSTEREOMATCHING.EXE.EMBED.MANIFEST
F:\GITHUB\MASKSTEREOMATCHING\MASKSTEREOMATCHING\MASKSTEREOMATCHING\DEBUG\MASKSTEREOMATCHING.EXE.EMBED.MANIFEST.RES
F:\GITHUB\MASKSTEREOMATCHING\MASKSTEREOMATCHING\MASKSTEREOMATCHING\DEBUG\MASKSTEREOMATCHING.EXE.INTERMEDIATE.MANIFEST
F:\GitHub\MaskStereoMatching\MaskStereoMatching\MaskStereoMatching\Debug\MaskStereoMatching.vcxprojResolveAssemblyReference.cache
F:\GitHub\MaskStereoMatching\MaskStereoMatching\MaskStereoMatching\Debug\MaskStereoMatching.write.1.tlog
F:\GitHub\MaskStereoMatching\MaskStereoMatching\MaskStereoMatching\Debug\MaskStereoMatching_manifest.rc
F:\GitHub\MaskStereoMatching\MaskStereoMatching\MaskStereoMatching\Debug\mt.command.1.tlog
F:\GitHub\MaskStereoMatching\MaskStereoMatching\MaskStereoMatching\Debug\mt.read.1.tlog
F:\GitHub\MaskStereoMatching\MaskStereoMatching\MaskStereoMatching\Debug\mt.write.1.tlog
F:\GitHub\MaskStereoMatching\MaskStereoMatching\MaskStereoMatching\Debug\rc.command.1.tlog
F:\GitHub\MaskStereoMatching\MaskStereoMatching\MaskStereoMatching\Debug\rc.read.1.tlog
F:\GitHub\MaskStereoMatching\MaskStereoMatching\MaskStereoMatching\Debug\rc.write.1.tlog
F:\GITHUB\MASKSTEREOMATCHING\MASKSTEREOMATCHING\MASKSTEREOMATCHING\DEBUG\SGM.OBJ
F:\GitHub\MaskStereoMatching\MaskStereoMatching\MaskStereoMatching\Debug\vc100.idb
F:\GITHUB\MASKSTEREOMATCHING\MASKSTEREOMATCHING\MASKSTEREOMATCHING\DEBUG\VC100.PDB
