Build started 2016/4/19 15:49:48.
     1>Project "F:\GitHub\MaskStereoMatching\MaskStereoMatching\MaskStereoMatching\MaskStereoMatching.vcxproj" on node 2 (build target(s)).
     1>InitializeBuildStatus:
         Creating "x64\Release\MaskStereoMatching.unsuccessfulbuild" because "AlwaysCreate" was specified.
       ClCompile:
         C:\Program Files (x86)\Microsoft Visual Studio 10.0\VC\bin\x86_amd64\CL.exe /c /Zi /nologo /W3 /WX- /O2 /Oi /GL /D WIN32 /D NDEBUG /D _CONSOLE /D _UNICODE /D UNICODE /Gm- /EHsc /MD /GS /Gy /fp:precise /Zc:wchar_t /Zc:forScope /Fo"x64\Release\\" /Fd"x64\Release\vc100.pdb" /Gd /TP /errorReport:prompt main.cpp
         main.cpp
     1>D:\Program Files (x86)\opencv\build\include\opencv2/legacy/blobtrack.hpp(187): warning C4996: 'strcpy': This function or variable may be unsafe. Consider using strcpy_s instead. To disable deprecation, use _CRT_SECURE_NO_WARNINGS. See online help for details.
                 C:\Program Files (x86)\Microsoft Visual Studio 10.0\VC\include\string.h(105) : see declaration of 'strcpy'
     1>D:\Program Files (x86)\opencv\build\include\opencv2/legacy/blobtrack.hpp(256): warning C4996: 'strcat': This function or variable may be unsafe. Consider using strcat_s instead. To disable deprecation, use _CRT_SECURE_NO_WARNINGS. See online help for details.
                 C:\Program Files (x86)\Microsoft Visual Studio 10.0\VC\include\string.h(110) : see declaration of 'strcat'
     1>f:\github\maskstereomatching\maskstereomatching\maskstereomatching\MaskSGBM.h(26): warning C4244: 'argument' : conversion from 'double' to 'int', possible loss of data
     1>f:\github\maskstereomatching\maskstereomatching\maskstereomatching\MaskSGBM.h(26): warning C4244: 'argument' : conversion from 'double' to 'int', possible loss of data
       Link:
         C:\Program Files (x86)\Microsoft Visual Studio 10.0\VC\bin\x86_amd64\link.exe /ERRORREPORT:PROMPT /OUT:"F:\GitHub\MaskStereoMatching\MaskStereoMatching\x64\Release\MaskStereoMatching.exe" /INCREMENTAL:NO /NOLOGO opencv_calib3d2410.lib opencv_contrib2410.lib opencv_core2410.lib opencv_features2d2410.lib opencv_flann2410.lib opencv_gpu2410.lib opencv_highgui2410.lib opencv_imgproc2410.lib opencv_legacy2410.lib kernel32.lib user32.lib gdi32.lib winspool.lib comdlg32.lib advapi32.lib shell32.lib ole32.lib oleaut32.lib uuid.lib odbc32.lib odbccp32.lib /NODEFAULTLIB:cudart.lib /MANIFEST /ManifestFile:"x64\Release\MaskStereoMatching.exe.intermediate.manifest" /MANIFESTUAC:"level='asInvoker' uiAccess='false'" /DEBUG /PDB:"F:\GitHub\MaskStereoMatching\MaskStereoMatching\x64\Release\MaskStereoMatching.pdb" /SUBSYSTEM:CONSOLE /HEAP:"4000000000" /OPT:REF /OPT:ICF /LTCG /TLBID:1 /DYNAMICBASE /NXCOMPAT /IMPLIB:"F:\GitHub\MaskStereoMatching\MaskStereoMatching\x64\Release\MaskStereoMatching.lib" /MACHINE:X64 x64\Release\main.obj
         x64\Release\maskSGBM.obj
         x64\Release\SGM.obj
         Generating code
         Finished generating code
         MaskStereoMatching.vcxproj -> F:\GitHub\MaskStereoMatching\MaskStereoMatching\x64\Release\MaskStereoMatching.exe
       Manifest:
         C:\Program Files (x86)\Microsoft SDKs\Windows\v7.0A\bin\mt.exe /nologo /verbose /outputresource:"F:\GitHub\MaskStereoMatching\MaskStereoMatching\x64\Release\MaskStereoMatching.exe;#1" /manifest x64\Release\MaskStereoMatching.exe.intermediate.manifest
       FinalizeBuildStatus:
         Deleting file "x64\Release\MaskStereoMatching.unsuccessfulbuild".
         Touching "x64\Release\MaskStereoMatching.lastbuildstate".
     1>Done Building Project "F:\GitHub\MaskStereoMatching\MaskStereoMatching\MaskStereoMatching\MaskStereoMatching.vcxproj" (build target(s)).

Build succeeded.

Time Elapsed 00:00:01.65
